INFO		 --= CREATING DISCRETE TABLE =--
INFO		 f(3) = 1.68260619448599
INFO		 f(4) = 1.65383436650736
INFO		 f(5) = 1.68260619448599
INFO		 f(6) = 1.72642994532484
INFO		 f(7) = 1.77363698917575
INFO		 f(8) = 1.82035050779390
INFO		 f(9) = 1.86521238897197
INFO		 f(10) = 1.90779781279306
INFO		 f(11) = 1.94805301239630
INFO		 --= END DISCRETE TABLE =--
INFO		 --= GETTING LAGRANGE COEFFICIENTS =--
INFO		 A-matrix | b-vector
INFO		 1 3 9 27 81 243 729 2187 6561 | 1.68260619448599
INFO		 1 4 16 64 256 1024 4096 16384 65536 | 1.65383436650736
INFO		 1 5 25 125 625 3125 15625 78125 390625 | 1.68260619448599
INFO		 1 6 36 216 1296 7776 46656 279936 1679616 | 1.72642994532484
INFO		 1 7 49 343 2401 16807 117649 823543 5764801 | 1.77363698917575
INFO		 1 8 64 512 4096 32768 262144 2097152 16777216 | 1.82035050779390
INFO		 1 9 81 729 6561 59049 531441 4782969 43046721 | 1.86521238897197
INFO		 1 10 100 1000 10000 100000 1000000 10000000 100000000 | 1.90779781279306
INFO		 1 11 121 1331 14641 161051 1771561 19487171 214358881 | 1.94805301239630
INFO		 Result of solving Ax = b:
INFO		 a0 = 5.00214058502989
INFO		 a1 = -3.5429957436692376
INFO		 a2 = 1.6128967895454522
INFO		 a3 = -0.419331969396248
INFO		 a4 = 0.06860915007114868
INFO		 a5 = -0.007196158736798561
INFO		 a6 = 0.0004706321853668184
INFO		 a7 = -1.7501854061350112e-05
INFO		 a8 = 2.8288633321210314e-07
INFO		 --= END LAGRANGE COEFFICIENTS =--
INFO		 Result function: <MathFunction expr=[2.8288633321210314e-7*x**8 - 1.7501854061350112e-5*x**7 + 0.0004706321853668184*x**6 - 0.007196158736798561*x**5 + 0.06860915007114868*x**4 - 0.419331969396248*x**3 + 1.6128967895454522*x**2 - 3.5429957436692376*x + 5.00214058502989]>
INFO		 |f(3) - L(3)| = 8.88178419700125E-16
INFO		 |f(3.1) - L(3.1)| = 0.000423422500441362
INFO		 |f(3.2) - L(3.2)| = 0.000599610318182009
INFO		 |f(3.3000000000000003) - L(3.3000000000000003)| = 0.000624337945751341
INFO		 |f(3.4000000000000004) - L(3.4000000000000004)| = 0.000563352703040199
INFO		 |f(3.5000000000000004) - L(3.5000000000000004)| = 0.000460733308274452
INFO		 |f(3.6000000000000005) - L(3.6000000000000005)| = 0.000345022010888929
INFO		 |f(3.7000000000000006) - L(3.7000000000000006)| = 0.000233735676725022
INFO		 |f(3.8000000000000007) - L(3.8000000000000007)| = 0.000136686128255015
INFO		 |f(3.900000000000001) - L(3.900000000000001)| = 0.0000584194837798258
INFO		 |f(4.000000000000001) - L(4.000000000000001)| = 9.76996261670138E-15
INFO		 |f(4.1000000000000005) - L(4.1000000000000005)| = 0.0000396957385051522
INFO		 |f(4.2) - L(4.2)| = 0.0000630512201413858
INFO		 |f(4.3) - L(4.3)| = 0.0000730569652582780
INFO		 |f(4.3999999999999995) - L(4.3999999999999995)| = 0.0000728627555814931
INFO		 |f(4.499999999999999) - L(4.499999999999999)| = 0.0000654826824528776
INFO		 |f(4.599999999999999) - L(4.599999999999999)| = 0.0000536131350417079
INFO		 |f(4.699999999999998) - L(4.699999999999998)| = 0.0000395333170655210
INFO		 |f(4.799999999999998) - L(4.799999999999998)| = 0.0000250650628950133
INFO		 |f(4.899999999999998) - L(4.899999999999998)| = 0.0000115742099264793
INFO		 |f(4.999999999999997) - L(4.999999999999997)| = 1.93178806284777E-14
INFO		 |f(5.099999999999997) - L(5.099999999999997)| = 0.00000909775991009276
INFO		 |f(5.199999999999997) - L(5.199999999999997)| = 0.0000154815198065705
INFO		 |f(5.299999999999996) - L(5.299999999999996)| = 0.0000191745627509121
INFO		 |f(5.399999999999996) - L(5.399999999999996)| = 0.0000203995682794833
INFO		 |f(5.499999999999996) - L(5.499999999999996)| = 0.0000195201905541786
INFO		 |f(5.599999999999995) - L(5.599999999999995)| = 0.0000169877353464187
INFO		 |f(5.699999999999995) - L(5.699999999999995)| = 0.0000132942810298076
INFO		 |f(5.7999999999999945) - L(5.7999999999999945)| = 0.00000893301195992180
INFO		 |f(5.899999999999994) - L(5.899999999999994)| = 0.00000436608444664977
INFO		 |f(5.999999999999994) - L(5.999999999999994)| = 2.93098878501041E-14
INFO		 |f(6.099999999999993) - L(6.099999999999993)| = 0.00000383180291030349
INFO		 |f(6.199999999999993) - L(6.199999999999993)| = 0.00000687962342271753
INFO		 |f(6.299999999999993) - L(6.299999999999993)| = 0.00000898206889110575
INFO		 |f(6.399999999999992) - L(6.399999999999992)| = 0.0000100652488024267
INFO		 |f(6.499999999999992) - L(6.499999999999992)| = 0.0000101373849310527
INFO		 |f(6.599999999999992) - L(6.599999999999992)| = 0.00000927966472175079
INFO		 |f(6.699999999999991) - L(6.699999999999991)| = 0.00000763417600979643
INFO		 |f(6.799999999999991) - L(6.799999999999991)| = 0.00000538975228403515
INFO		 |f(6.899999999999991) - L(6.899999999999991)| = 0.00000276653243158620
INFO		 |f(6.99999999999999) - L(6.99999999999999)| = 3.48610029732299E-14
INFO		 |f(7.09999999999999) - L(7.09999999999999)| = 0.00000267478292625967
INFO		 |f(7.1999999999999895) - L(7.1999999999999895)| = 0.00000503809281582335
INFO		 |f(7.299999999999989) - L(7.299999999999989)| = 0.00000689902402450926
INFO		 |f(7.399999999999989) - L(7.399999999999989)| = 0.00000810701843589889
INFO		 |f(7.4999999999999885) - L(7.4999999999999885)| = 0.00000856101150548128
INFO		 |f(7.599999999999988) - L(7.599999999999988)| = 0.00000821584653354357
INFO		 |f(7.699999999999988) - L(7.699999999999988)| = 0.00000708569751428634
INFO		 |f(7.799999999999987) - L(7.799999999999987)| = 0.00000524433318527251
INFO		 |f(7.899999999999987) - L(7.899999999999987)| = 0.00000282215006786046
INFO		 |f(7.999999999999987) - L(7.999999999999987)| = 4.01900734914307E-14
INFO		 |f(8.099999999999987) - L(8.099999999999987)| = 0.00000300006284104093
INFO		 |f(8.199999999999987) - L(8.199999999999987)| = 0.00000592688765488347
INFO		 |f(8.299999999999986) - L(8.299999999999986)| = 0.00000851485671971020
INFO		 |f(8.399999999999986) - L(8.399999999999986)| = 0.0000105006029147425
INFO		 |f(8.499999999999986) - L(8.499999999999986)| = 0.0000116412753883299
INFO		 |f(8.599999999999985) - L(8.599999999999985)| = 0.0000117337057732314
INFO		 |f(8.699999999999985) - L(8.699999999999985)| = 0.0000106337200129758
INFO		 |f(8.799999999999985) - L(8.799999999999985)| = 0.00000827473238618204
INFO		 |f(8.899999999999984) - L(8.899999999999984)| = 0.00000468464920988509
INFO		 |f(8.999999999999984) - L(8.999999999999984)| = 3.55271367880050E-14
INFO		 |f(9.099999999999984) - L(9.099999999999984)| = 0.00000552389604768777
INFO		 |f(9.199999999999983) - L(9.199999999999983)| = 0.0000115080320151062
INFO		 |f(9.299999999999983) - L(9.299999999999983)| = 0.0000174514964341732
INFO		 |f(9.399999999999983) - L(9.399999999999983)| = 0.0000227414643156898
INFO		 |f(9.499999999999982) - L(9.499999999999982)| = 0.0000266730323217335
INFO		 |f(9.599999999999982) - L(9.599999999999982)| = 0.0000284806473040966
INFO		 |f(9.699999999999982) - L(9.699999999999982)| = 0.0000273829892829536
INFO		 |f(9.799999999999981) - L(9.799999999999981)| = 0.0000226432823438039
INFO		 |f(9.89999999999998) - L(9.89999999999998)| = 0.0000136471194620569
INFO		 |f(9.99999999999998) - L(9.99999999999998)| = 3.41948691584548E-14
INFO		 |f(10.09999999999998) - L(10.09999999999998)| = 0.0000183531088162603
INFO		 |f(10.19999999999998) - L(10.19999999999998)| = 0.0000409837612056485
INFO		 |f(10.29999999999998) - L(10.29999999999998)| = 0.0000668090365358864
INFO		 |f(10.399999999999979) - L(10.399999999999979)| = 0.0000938909054539749
INFO		 |f(10.499999999999979) - L(10.499999999999979)| = 0.000119203195133810
INFO		 |f(10.599999999999978) - L(10.599999999999978)| = 0.000138363276022346
INFO		 |f(10.699999999999978) - L(10.699999999999978)| = 0.000145325479330660
INFO		 |f(10.799999999999978) - L(10.799999999999978)| = 0.000132033141000854
INFO		 |f(10.899999999999977) - L(10.899999999999977)| = 0.0000880260543523192
INFO		 |f(10.999999999999977) - L(10.999999999999977)| = 1.93178806284777E-14
INFO		 --= CREATING DISCRETE TABLE =--
INFO		 f(3) = 1.68260619448599
INFO		 f(3.1) = 1.67399807512150
INFO		 f(3.2) = 1.66722028791431
INFO		 f(3.3000000000000003) = 1.66199628395668
INFO		 f(3.4000000000000004) = 1.65809819327645
INFO		 f(3.5000000000000004) = 1.65533683662365
INFO		 f(3.6000000000000005) = 1.65355407359358
INFO		 f(3.7000000000000006) = 1.65261687669602
INFO		 f(3.8000000000000007) = 1.65241269618210
INFO		 f(3.900000000000001) = 1.65284580111282
INFO		 f(4.000000000000001) = 1.65383436650736
INFO		 f(4.1000000000000005) = 1.65530813618374
INFO		 f(4.2) = 1.65720653379958
INFO		 f(4.3) = 1.65947712574499
INFO		 f(4.3999999999999995) = 1.66207436239864
INFO		 f(4.499999999999999) = 1.66495854120776
INFO		 f(4.599999999999999) = 1.66809494773985
INFO		 f(4.699999999999998) = 1.67145314043537
INFO		 f(4.799999999999998) = 1.67500635208695
INFO		 f(4.899999999999998) = 1.67873098667080
INFO		 f(4.999999999999997) = 1.68260619448599
INFO		 f(5.099999999999997) = 1.68661351192856
INFO		 f(5.199999999999997) = 1.69073655486978
INFO		 f(5.299999999999996) = 1.69496075669173
INFO		 f(5.399999999999996) = 1.69927314368658
INFO		 f(5.499999999999996) = 1.70366214184496
INFO		 f(5.599999999999995) = 1.70811741011660
INFO		 f(5.699999999999995) = 1.71262969607933
INFO		 f(5.7999999999999945) = 1.71719071064340
INFO		 f(5.899999999999994) = 1.72179301898031
INFO		 f(5.999999999999994) = 1.72642994532484
INFO		 f(6.099999999999993) = 1.73109548967649
INFO		 f(6.199999999999993) = 1.73578425473728
INFO		 f(6.299999999999993) = 1.74049138168009
INFO		 f(6.399999999999992) = 1.74521249355579
INFO		 f(6.499999999999992) = 1.74994364532500
INFO		 f(6.599999999999992) = 1.75468127964946
INFO		 f(6.699999999999991) = 1.75942218770319
INFO		 f(6.799999999999991) = 1.76416347436825
INFO		 f(6.899999999999991) = 1.76890252726927
INFO		 f(6.99999999999999) = 1.77363698917575
INFO		 f(7.09999999999999) = 1.77836473336505
INFO		 f(7.1999999999999895) = 1.78308384159349
INFO		 f(7.299999999999989) = 1.78779258436921
INFO		 f(7.399999999999989) = 1.79248940326017
INFO		 f(7.4999999999999885) = 1.79717289500498
INFO		 f(7.599999999999988) = 1.80184179722318
INFO		 f(7.699999999999988) = 1.80649497554718
INFO		 f(7.799999999999987) = 1.81113141201964
INFO		 f(7.899999999999987) = 1.81575019461925
INFO		 f(7.999999999999987) = 1.82035050779390
INFO		 f(8.099999999999987) = 1.82493162389473
INFO		 f(8.199999999999987) = 1.82949289541698
INFO		 f(8.299999999999986) = 1.83403374796414
INFO		 f(8.399999999999986) = 1.83855367386162
INFO		 f(8.499999999999986) = 1.84305222635436
INFO		 f(8.599999999999985) = 1.84752901432997
INFO		 f(8.699999999999985) = 1.85198369751563
INFO		 f(8.799999999999985) = 1.85641598210230
INFO		 f(8.899999999999984) = 1.86082561675496
INFO		 f(8.999999999999984) = 1.86521238897197
INFO		 f(9.099999999999984) = 1.86957612176043
INFO		 f(9.199999999999983) = 1.87391667059780
INFO		 f(9.299999999999983) = 1.87823392065336
INFO		 f(9.399999999999983) = 1.88252778424534
INFO		 f(9.499999999999982) = 1.88679819851250
INFO		 f(9.599999999999982) = 1.89104512328055
INFO		 f(9.699999999999982) = 1.89526853910604
INFO		 f(9.799999999999981) = 1.89946844548200
INFO		 f(9.89999999999998) = 1.90364485919105
INFO		 f(9.99999999999998) = 1.90779781279305
INFO		 f(10.09999999999998) = 1.91192735323575
INFO		 f(10.19999999999998) = 1.91603354057778
INFO		 f(10.29999999999998) = 1.92011644681449
INFO		 f(10.399999999999979) = 1.92417615479781
INFO		 f(10.499999999999979) = 1.92821275724244
INFO		 f(10.599999999999978) = 1.93222635581090
INFO		 f(10.699999999999978) = 1.93621706027124
INFO		 f(10.799999999999978) = 1.94018498772115
INFO		 f(10.899999999999977) = 1.94413026187321
INFO		 f(10.999999999999977) = 1.94805301239630
INFO		 f(11.099999999999977) = 1.95195337430862
INFO		 f(11.199999999999976) = 1.95583148741820
INFO		 f(11.299999999999976) = 1.95968749580712
INFO		 f(11.399999999999975) = 1.96352154735604
INFO		 f(11.499999999999975) = 1.96733379330572
INFO		 f(11.599999999999975) = 1.97112438785281
INFO		 f(11.699999999999974) = 1.97489348777717
INFO		 f(11.799999999999974) = 1.97864125209824
INFO		 f(11.899999999999974) = 1.98236784175829
INFO		 f(11.999999999999973) = 1.98607341933051
INFO		 --= END DISCRETE TABLE =--
INFO		 F_0(x) = <PiecewiseLinearFunction y=1.94084977542049 - 0.0860811936448357*x; [3, 3.1]>
INFO		 F_1(x) = <PiecewiseLinearFunction y=1.88410947854443 - 0.0677778720719124*x; [3.1, 3.2]>
INFO		 F_2(x) = <PiecewiseLinearFunction y=1.83438841455854 - 0.0522400395763211*x; [3.2, 3.3000000000000003]>
INFO		 F_3(x) = <PiecewiseLinearFunction y=1.79063327640419 - 0.038980906802275*x; [3.3000000000000003, 3.4000000000000004]>
INFO		 F_4(x) = <PiecewiseLinearFunction y=1.75198431947162 - 0.0276135665279908*x; [3.4000000000000004, 3.5000000000000004]>
INFO		 F_5(x) = <PiecewiseLinearFunction y=1.7177335426763 - 0.0178276303007574*x; [3.5000000000000004, 3.6000000000000005]>
INFO		 F_6(x) = <PiecewiseLinearFunction y=1.68729316190547 - 0.00937196897552671*x; [3.6000000000000005, 3.7000000000000006]>
INFO		 F_7(x) = <PiecewiseLinearFunction y=1.66017155571122 - 0.00204180513924346*x; [3.7000000000000006, 3.8000000000000007]>
INFO		 F_8(x) = <PiecewiseLinearFunction y=0.00433104930717132*x + 1.63595470881485; [3.8000000000000007, 3.900000000000001]>
INFO		 F_9(x) = <PiecewiseLinearFunction y=0.00988565394548057*x + 1.61429175072544; [3.900000000000001, 4.000000000000001]>
INFO		 F_10(x) = <PiecewiseLinearFunction y=0.0147376967637781*x + 1.59488357945225; [4.000000000000001, 4.1000000000000005]>
INFO		 F_11(x) = <PiecewiseLinearFunction y=0.0189839761583822*x + 1.57747383393438; [4.1000000000000005, 4.2]>
INFO		 F_12(x) = <PiecewiseLinearFunction y=0.022705919454098*x + 1.56184167209237; [4.2, 4.3]>
INFO		 F_13(x) = <PiecewiseLinearFunction y=0.0259723665365353*x + 1.54779594963789; [4.3, 4.3999999999999995]>
INFO		 F_14(x) = <PiecewiseLinearFunction y=0.0288417880911896*x + 1.53517049479741; [4.3999999999999995, 4.499999999999999]>
INFO		 F_15(x) = <PiecewiseLinearFunction y=0.0313640653208892*x + 1.52382024726376; [4.499999999999999, 4.599999999999999]>
INFO		 F_16(x) = <PiecewiseLinearFunction y=0.0335819269551886*x + 1.51361808374598; [4.599999999999999, 4.699999999999998]>
INFO		 F_17(x) = <PiecewiseLinearFunction y=0.0355321165157664*x + 1.50445219281127; [4.699999999999998, 4.799999999999998]>
INFO		 F_18(x) = <PiecewiseLinearFunction y=0.0372463458384821*x + 1.49622389206223; [4.799999999999998, 4.899999999999998]>
INFO		 F_19(x) = <PiecewiseLinearFunction y=0.0387520781519003*x + 1.48884580372648; [4.899999999999998, 4.999999999999997]>
INFO		 F_20(x) = <PiecewiseLinearFunction y=0.0400731744257256*x + 1.48224032235736; [4.999999999999997, 5.099999999999997]>
INFO		 F_21(x) = <PiecewiseLinearFunction y=0.0412304294122358*x + 1.47633832192616; [5.099999999999997, 5.199999999999997]>
INFO		 F_22(x) = <PiecewiseLinearFunction y=0.0422420182194962*x + 1.4710780601284; [5.199999999999997, 5.299999999999996]>
INFO		 F_23(x) = <PiecewiseLinearFunction y=0.0431238699485161*x + 1.4664042459646; [5.299999999999996, 5.399999999999996]>
INFO		 F_24(x) = <PiecewiseLinearFunction y=0.0438899815838224*x + 1.46226724313394; [5.399999999999996, 5.499999999999996]>
INFO		 F_25(x) = <PiecewiseLinearFunction y=0.0445526827163835*x + 1.45862238690486; [5.499999999999996, 5.599999999999995]>
INFO		 F_26(x) = <PiecewiseLinearFunction y=0.0451228596272781*x + 1.45542939620385; [5.599999999999995, 5.699999999999995]>
INFO		 F_27(x) = <PiecewiseLinearFunction y=0.04561014564074*x + 1.45265186592711; [5.699999999999995, 5.7999999999999945]>
INFO		 F_28(x) = <PiecewiseLinearFunction y=0.0460230833690491*x + 1.45025682710292; [5.7999999999999945, 5.899999999999994]>
INFO		 F_29(x) = <PiecewiseLinearFunction y=0.0463692634452674*x + 1.44821436465323; [5.899999999999994, 5.999999999999994]>
INFO		 F_30(x) = <PiecewiseLinearFunction y=0.0466554435165813*x + 1.44649728422535; [5.999999999999994, 6.099999999999993]>
INFO		 F_31(x) = <PiecewiseLinearFunction y=0.0468876506078277*x + 1.44508082096875; [6.099999999999993, 6.199999999999993]>
INFO		 F_32(x) = <PiecewiseLinearFunction y=0.0470712694280941*x + 1.44394238428309; [6.199999999999993, 6.299999999999993]>
INFO		 F_33(x) = <PiecewiseLinearFunction y=0.0472111187570802*x + 1.44306133351048; [6.299999999999993, 6.399999999999992]>
INFO		 F_34(x) = <PiecewiseLinearFunction y=0.0473115176920393*x + 1.44241878032674; [6.399999999999992, 6.499999999999992]>
INFO		 F_35(x) = <PiecewiseLinearFunction y=0.0473763432446407*x + 1.44199741423483; [6.499999999999992, 6.599999999999992]>
INFO		 F_36(x) = <PiecewiseLinearFunction y=0.0474090805372664*x + 1.4417813481035; [6.599999999999992, 6.699999999999991]>
INFO		 F_37(x) = <PiecewiseLinearFunction y=0.0474128666505737*x + 1.44175598114435; [6.699999999999991, 6.799999999999991]>
INFO		 F_38(x) = <PiecewiseLinearFunction y=0.0473905290102274*x + 1.4419078770987; [6.799999999999991, 6.899999999999991]>
INFO		 F_39(x) = <PiecewiseLinearFunction y=0.0473446190647732*x + 1.44222465572233; [6.899999999999991, 6.99999999999999]>
INFO		 F_40(x) = <PiecewiseLinearFunction y=0.0472774418930035*x + 1.44269489592472; [6.99999999999999, 7.09999999999999]>
INFO		 F_41(x) = <PiecewiseLinearFunction y=0.047191082284457*x + 1.4433080491454; [7.09999999999999, 7.1999999999999895]>
INFO		 F_42(x) = <PiecewiseLinearFunction y=0.0470874277571444*x + 1.44405436174205; [7.1999999999999895, 7.299999999999989]>
INFO		 F_43(x) = <PiecewiseLinearFunction y=0.0469681889096065*x + 1.44492480532908; [7.299999999999989, 7.399999999999989]>
INFO		 F_44(x) = <PiecewiseLinearFunction y=0.0468349174481199*x + 1.44591101414408; [7.399999999999989, 7.4999999999999885]>
INFO		 F_45(x) = <PiecewiseLinearFunction y=0.0466890221820428*x + 1.44700522863966; [7.4999999999999885, 7.599999999999988]>
INFO		 F_46(x) = <PiecewiseLinearFunction y=0.0465317832399294*x + 1.44820024459972; [7.599999999999988, 7.699999999999988]>
INFO		 F_47(x) = <PiecewiseLinearFunction y=0.0463643647246139*x + 1.44948936716765; [7.699999999999988, 7.799999999999987]>
INFO		 F_48(x) = <PiecewiseLinearFunction y=0.0461878259961381*x + 1.45086636924976; [7.799999999999987, 7.899999999999987]>
INFO		 F_49(x) = <PiecewiseLinearFunction y=0.0460031317464528*x + 1.45232545382228; [7.899999999999987, 7.999999999999987]>
INFO		 F_50(x) = <PiecewiseLinearFunction y=0.045811161008322*x + 1.45386121972732; [7.999999999999987, 8.099999999999987]>
INFO		 F_51(x) = <PiecewiseLinearFunction y=0.0456127152225185*x + 1.45546863059233; [8.099999999999987, 8.199999999999987]>
INFO		 F_52(x) = <PiecewiseLinearFunction y=0.0454085254715865*x + 1.45714298654997; [8.199999999999987, 8.299999999999986]>
INFO		 F_53(x) = <PiecewiseLinearFunction y=0.0451992589748109*x + 1.45887989847321; [8.299999999999986, 8.399999999999986]>
INFO		 F_54(x) = <PiecewiseLinearFunction y=0.0449855249273414*x + 1.46067526447195; [8.399999999999986, 8.499999999999986]>
INFO		 F_55(x) = <PiecewiseLinearFunction y=0.044767879756127*x + 1.46252524842728; [8.499999999999986, 8.599999999999985]>
INFO		 F_56(x) = <PiecewiseLinearFunction y=0.044546831856649*x + 1.46442626036279; [8.599999999999985, 8.699999999999985]>
INFO		 F_57(x) = <PiecewiseLinearFunction y=0.0443228458666646*x + 1.46637493847565; [8.699999999999985, 8.799999999999985]>
INFO		 F_58(x) = <PiecewiseLinearFunction y=0.0440963465265611*x + 1.46836813266856; [8.799999999999985, 8.899999999999984]>
INFO		 F_59(x) = <PiecewiseLinearFunction y=0.0438677221701457*x + 1.47040288944066; [8.899999999999984, 8.999999999999984]>
INFO		 F_60(x) = <PiecewiseLinearFunction y=0.0436373278845871*x + 1.47247643801069; [8.999999999999984, 9.099999999999984]>
INFO		 F_61(x) = <PiecewiseLinearFunction y=0.0434054883737624*x + 1.47458617755919; [9.099999999999984, 9.199999999999983]>
INFO		 F_62(x) = <PiecewiseLinearFunction y=0.0431725005555241*x + 1.47672966548698; [9.199999999999983, 9.299999999999983]>
INFO		 F_63(x) = <PiecewiseLinearFunction y=0.0429386359198004*x + 1.47890460659921; [9.299999999999983, 9.399999999999983]>
INFO		 F_64(x) = <PiecewiseLinearFunction y=0.0427041426716325*x + 1.48110884313199; [9.399999999999983, 9.499999999999982]>
INFO		 F_65(x) = <PiecewiseLinearFunction y=0.0424692476804679*x + 1.48334034554806; [9.499999999999982, 9.599999999999982]>
INFO		 F_66(x) = <PiecewiseLinearFunction y=0.0422341582548903*x + 1.4855972040336; [9.599999999999982, 9.699999999999982]>
INFO		 F_67(x) = <PiecewiseLinearFunction y=0.0419990637596703*x + 1.48787762063724; [9.699999999999982, 9.799999999999981]>
INFO		 F_68(x) = <PiecewiseLinearFunction y=0.0417641370905166*x + 1.49017990199494; [9.799999999999981, 9.89999999999998]>
INFO		 F_69(x) = <PiecewiseLinearFunction y=0.0415295360199976*x + 1.49250245259308; [9.89999999999998, 9.99999999999998]>
INFO		 F_70(x) = <PiecewiseLinearFunction y=0.0412954044269644*x + 1.49484376852341; [9.99999999999998, 10.09999999999998]>
INFO		 F_71(x) = <PiecewiseLinearFunction y=0.0410618734203229*x + 1.49720243169049; [10.09999999999998, 10.19999999999998]>
INFO		 F_72(x) = <PiecewiseLinearFunction y=0.0408290623670539*x + 1.49957710443383; [10.19999999999998, 10.29999999999998]>
INFO		 F_73(x) = <PiecewiseLinearFunction y=0.0405970798332557*x + 1.50196652453196; [10.29999999999998, 10.399999999999979]>
INFO		 F_74(x) = <PiecewiseLinearFunction y=0.0403660244462213*x + 1.50436950055711; [10.399999999999979, 10.499999999999979]>
INFO		 F_75(x) = <PiecewiseLinearFunction y=0.0401359856846374*x + 1.50678490755374; [10.499999999999979, 10.599999999999978]>
INFO		 F_76(x) = <PiecewiseLinearFunction y=0.0399070446034468*x + 1.50921168301437; [10.599999999999978, 10.699999999999978]>
INFO		 F_77(x) = <PiecewiseLinearFunction y=0.0396792744991027*x + 1.51164882313085; [10.699999999999978, 10.799999999999978]>
INFO		 F_78(x) = <PiecewiseLinearFunction y=0.039452741520596*x + 1.51409537929872; [10.799999999999978, 10.899999999999977]>
INFO		 F_79(x) = <PiecewiseLinearFunction y=0.0392275052308878*x + 1.51655045485654; [10.899999999999977, 10.999999999999977]>
INFO		 F_80(x) = <PiecewiseLinearFunction y=0.0390036191231659*x + 1.51901320204148; [10.999999999999977, 11.099999999999977]>
INFO		 F_81(x) = <PiecewiseLinearFunction y=0.0387811310957599*x + 1.52148281914569; [11.099999999999977, 11.199999999999976]>
INFO		 F_82(x) = <PiecewiseLinearFunction y=0.0385600838892809*x + 1.52395854785825; [11.199999999999976, 11.299999999999976]>
INFO		 F_83(x) = <PiecewiseLinearFunction y=0.0383405154892037*x + 1.52643967077912; [11.299999999999976, 11.399999999999975]>
INFO		 F_84(x) = <PiecewiseLinearFunction y=0.0381224594967679*x + 1.52892550909289; [11.399999999999975, 11.499999999999975]>
INFO		 F_85(x) = <PiecewiseLinearFunction y=0.0379059454709064*x + 1.5314154203903; [11.499999999999975, 11.599999999999975]>
INFO		 F_86(x) = <PiecewiseLinearFunction y=0.0376909992435738*x + 1.53390879662736; [11.599999999999975, 11.699999999999974]>
INFO		 F_87(x) = <PiecewiseLinearFunction y=0.0374776432106728*x + 1.5364050622123; [11.699999999999974, 11.799999999999974]>
INFO		 F_88(x) = <PiecewiseLinearFunction y=0.0372658966005847*x + 1.53890367221134; [11.799999999999974, 11.899999999999974]>
INFO		 F_89(x) = <PiecewiseLinearFunction y=0.0370557757221591*x + 1.5414041106646; [11.899999999999974, 11.999999999999973]>
